<?xml version="1.0" encoding="UTF-8"?>
<testng-results skipped="0" failed="0" ignored="0" total="1" passed="1">
  <reporter-output>
  </reporter-output>
  <suite name="Default suite" duration-ms="16126" started-at="2018-11-30T11:04:22Z" finished-at="2018-11-30T11:04:38Z">
    <groups>
    </groups>
    <test name="Default test" duration-ms="16126" started-at="2018-11-30T11:04:22Z" finished-at="2018-11-30T11:04:38Z">
      <class name="Selenium.Selenium">
        <test-method status="PASS" signature="testSearch()[pri:0, instance:Selenium.Selenium@224edc67]" name="testSearch" duration-ms="16079" started-at="2018-11-30T11:04:22Z" finished-at="2018-11-30T11:04:38Z">
          <reporter-output>
          </reporter-output>
        </test-method> <!-- testSearch -->
      </class> <!-- Selenium.Selenium -->
    </test> <!-- Default test -->
  </suite> <!-- Default suite -->
</testng-results>
